Started at Tue Feb 21 13:20:34 UTC 2023
Processing codecompile
Offering codecompile to Project Build Discarder
Processing codecoverage
Offering codecoverage to Project Build Discarder
Processing codereview
Offering codereview to Project Build Discarder
Processing deploy
Offering deploy to Project Build Discarder
Processing package
Offering package to Project Build Discarder
Processing test
Offering test to Project Build Discarder
Processing test_ant
Offering test_ant to Project Build Discarder
Processing unit_test
Offering unit_test to Project Build Discarder
Processing package/com.devopsdemo.tutorial:sampleapp
Offering package/com.devopsdemo.tutorial:sampleapp to Project Build Discarder
Finished at Tue Feb 21 13:20:34 UTC 2023. 15ms
Started at Tue Feb 21 14:20:34 UTC 2023
Processing codecompile
Offering codecompile to Project Build Discarder
Processing codecoverage
Offering codecoverage to Project Build Discarder
Processing codereview
Offering codereview to Project Build Discarder
Processing deploy
Offering deploy to Project Build Discarder
Processing package
Offering package to Project Build Discarder
Processing test
Offering test to Project Build Discarder
Processing test_ant
Offering test_ant to Project Build Discarder
Processing unit_test
Offering unit_test to Project Build Discarder
Processing package/com.devopsdemo.tutorial:sampleapp
Offering package/com.devopsdemo.tutorial:sampleapp to Project Build Discarder
Finished at Tue Feb 21 14:20:34 UTC 2023. 6ms
Started at Tue Feb 21 15:20:34 UTC 2023
Processing codecompile
Offering codecompile to Project Build Discarder
Processing codecoverage
Offering codecoverage to Project Build Discarder
Processing codereview
Offering codereview to Project Build Discarder
Processing deploy
Offering deploy to Project Build Discarder
Processing package
Offering package to Project Build Discarder
Processing test
Offering test to Project Build Discarder
Processing test_ant
Offering test_ant to Project Build Discarder
Processing unit_test
Offering unit_test to Project Build Discarder
Processing package/com.devopsdemo.tutorial:sampleapp
Offering package/com.devopsdemo.tutorial:sampleapp to Project Build Discarder
Finished at Tue Feb 21 15:20:34 UTC 2023. 4ms
Started at Tue Feb 21 16:20:34 UTC 2023
Processing codecompile
Offering codecompile to Project Build Discarder
Processing codecoverage
Offering codecoverage to Project Build Discarder
Processing codereview
Offering codereview to Project Build Discarder
Processing deploy
Offering deploy to Project Build Discarder
Processing package
Offering package to Project Build Discarder
Processing test
Offering test to Project Build Discarder
Processing test_ant
Offering test_ant to Project Build Discarder
Processing unit_test
Offering unit_test to Project Build Discarder
Processing package/com.devopsdemo.tutorial:sampleapp
Offering package/com.devopsdemo.tutorial:sampleapp to Project Build Discarder
Finished at Tue Feb 21 16:20:34 UTC 2023. 3ms
